<?xml version="1.0" encoding="UTF-8"?>
<robot generator="Robot 7.1 (Python 3.12.2 on win32)" generated="2024-11-27T18:07:18.883672" rpa="false" schemaversion="5">
<suite id="s1" name="Required Documents Suite" source="C:\Users\Hp\stv3-test-auto\STV3_TEST\tests\required_documents_suite.robot">
<kw name="Open Browser To Application" owner="common" type="SETUP">
<kw name="Open Browser" owner="SeleniumLibrary">
<msg time="2024-11-27T18:07:19.371995" level="INFO">Opening browser 'chrome' to base url 'https://stv3ca-prod.netlify.app/login'.</msg>
<arg>${LOGIN_URL}</arg>
<arg>${BROWSER}</arg>
<doc>Opens a new browser instance to the optional ``url``.</doc>
<status status="PASS" start="2024-11-27T18:07:19.371995" elapsed="6.446552"/>
</kw>
<kw name="Maximize Browser Window" owner="SeleniumLibrary">
<doc>Maximizes current browser window.</doc>
<status status="PASS" start="2024-11-27T18:07:25.819550" elapsed="0.031128"/>
</kw>
<kw name="Set Selenium Implicit Wait" owner="SeleniumLibrary">
<arg>${TIMEOUT}</arg>
<doc>Sets the implicit wait value used by Selenium.</doc>
<status status="PASS" start="2024-11-27T18:07:25.851704" elapsed="0.002983"/>
</kw>
<kw name="Set Selenium Speed" owner="SeleniumLibrary">
<arg>0.1s</arg>
<doc>Sets the delay that is waited after each Selenium command.</doc>
<status status="PASS" start="2024-11-27T18:07:25.855716" elapsed="0.000000"/>
</kw>
<doc>Opens the browser and sets up Selenium</doc>
<status status="PASS" start="2024-11-27T18:07:19.370997" elapsed="6.484719"/>
</kw>
<test id="s1-t1" name="Create a New Document" line="12">
<kw name="Generate Random String" owner="common">
<kw name="Evaluate" owner="BuiltIn">
<msg time="2024-11-27T18:07:25.858706" level="INFO">${random} = ZTRDZYSZ</msg>
<var>${random}</var>
<arg>''.join([chr(random.randint(65, 90)) for _ in range(8)])</arg>
<arg>random</arg>
<doc>Evaluates the given expression in Python and returns the result.</doc>
<status status="PASS" start="2024-11-27T18:07:25.857684" elapsed="0.001022"/>
</kw>
<return>
<value>Test_${random}</value>
<status status="PASS" start="2024-11-27T18:07:25.858706" elapsed="0.000000"/>
</return>
<msg time="2024-11-27T18:07:25.858706" level="INFO">${random_string} = Test_ZTRDZYSZ</msg>
<var>${random_string}</var>
<status status="PASS" start="2024-11-27T18:07:25.857684" elapsed="0.001022"/>
</kw>
<kw name="Set Variable" owner="BuiltIn">
<msg time="2024-11-27T18:07:25.859681" level="INFO">${created_document_name} = Doc_Test_ZTRDZYSZ</msg>
<var>${created_document_name}</var>
<arg>Doc_${random_string}</arg>
<doc>Returns the given values which can then be assigned to a variables.</doc>
<status status="PASS" start="2024-11-27T18:07:25.859681" elapsed="0.001100"/>
</kw>
<kw name="Login To Application" owner="common">
<kw name="Wait Until Element Is Visible" owner="SeleniumLibrary">
<arg>${LOGIN_FORM}</arg>
<doc>Waits until the element ``locator`` is visible.</doc>
<status status="PASS" start="2024-11-27T18:07:25.864681" elapsed="0.320506"/>
</kw>
<kw name="Wait Until Element Is Visible" owner="SeleniumLibrary">
<arg>${USERNAME_INPUT}</arg>
<doc>Waits until the element ``locator`` is visible.</doc>
<status status="PASS" start="2024-11-27T18:07:26.185187" elapsed="0.252674"/>
</kw>
<kw name="Input Text" owner="SeleniumLibrary">
<msg time="2024-11-27T18:07:26.438401" level="INFO">Typing text 'supadmin@imense.net' into text field 'xpath=//input[@id="Enter your email address"]'.</msg>
<arg>${USERNAME_INPUT}</arg>
<arg>${username}</arg>
<doc>Types the given ``text`` into the text field identified by ``locator``.</doc>
<status status="PASS" start="2024-11-27T18:07:26.438401" elapsed="0.599853"/>
</kw>
<kw name="Input Password" owner="SeleniumLibrary">
<msg time="2024-11-27T18:07:27.038254" level="INFO">Typing password into text field 'xpath=//input[@id="Enter your password"]'.</msg>
<msg time="2024-11-27T18:07:27.300488" level="INFO">Temporally setting log level to: NONE</msg>
<arg>${PASSWORD_INPUT}</arg>
<arg>${password}</arg>
<doc>Types the given password into the text field identified by ``locator``.</doc>
<status status="PASS" start="2024-11-27T18:07:27.038254" elapsed="0.479780"/>
</kw>
<kw name="Click Element" owner="SeleniumLibrary">
<msg time="2024-11-27T18:07:27.518540" level="INFO">Clicking element 'css=button[type='submit']'.</msg>
<arg>${LOGIN_BUTTON}</arg>
<doc>Click the element identified by ``locator``.</doc>
<status status="PASS" start="2024-11-27T18:07:27.518540" elapsed="0.309721"/>
</kw>
<kw name="Wait Until Element Is Not Visible" owner="SeleniumLibrary">
<arg>${LOADING_SPINNER}</arg>
<doc>Waits until the element ``locator`` is not visible.</doc>
<status status="PASS" start="2024-11-27T18:07:27.828261" elapsed="10.151109"/>
</kw>
<kw name="Wait Until Location Is" owner="common">
<kw name="Wait Until Keyword Succeeds" owner="BuiltIn">
<kw name="Location Should Be" owner="SeleniumLibrary">
<msg time="2024-11-27T18:07:38.093188" level="INFO">Current location is 'https://stv3ca-prod.netlify.app/instant-observations?date=this_week'.</msg>
<arg>${expected_url}</arg>
<doc>Verifies that the current URL is exactly ``url``.</doc>
<status status="PASS" start="2024-11-27T18:07:37.980392" elapsed="0.112796"/>
</kw>
<arg>${TIMEOUT}</arg>
<arg>1s</arg>
<arg>Location Should Be</arg>
<arg>${expected_url}</arg>
<doc>Runs the specified keyword and retries if it fails.</doc>
<status status="PASS" start="2024-11-27T18:07:37.980392" elapsed="0.112796"/>
</kw>
<arg>${DASHBOARD_URL}</arg>
<status status="PASS" start="2024-11-27T18:07:37.979370" elapsed="0.113818"/>
</kw>
<arg>${VALID_USERNAME}</arg>
<arg>${VALID_PASSWORD}</arg>
<doc>Performs login with given credentials</doc>
<status status="PASS" start="2024-11-27T18:07:25.862828" elapsed="12.230360"/>
</kw>
<kw name="Navigate To Required Documents Section" owner="requiredDocHelpers">
<kw name="Navigate To Categories Section" owner="categoriesHelpers">
<kw name="Wait Until Element Is Visible" owner="SeleniumLibrary">
<arg>${SIDEBAR_ELEMENT}</arg>
<doc>Waits until the element ``locator`` is visible.</doc>
<status status="PASS" start="2024-11-27T18:07:38.094235" elapsed="0.231046"/>
</kw>
<kw name="Click Element" owner="SeleniumLibrary">
<msg time="2024-11-27T18:07:38.327330" level="INFO">Clicking element 'xpath=//body[1]/div[1]/div[1]/div[2]/div[1]/div[1]/div[1]/div[1]'.</msg>
<arg>${SIDEBAR_ELEMENT}</arg>
<doc>Click the element identified by ``locator``.</doc>
<status status="PASS" start="2024-11-27T18:07:38.326337" elapsed="0.353483"/>
</kw>
<kw name="Wait Until Element Is Visible" owner="SeleniumLibrary">
<arg>${SIDEBAR_COMPETENCE_LINK}</arg>
<arg>timeout=${TIMEOUT}</arg>
<doc>Waits until the element ``locator`` is visible.</doc>
<status status="PASS" start="2024-11-27T18:07:38.679820" elapsed="0.233495"/>
</kw>
<kw name="Mouse Over" owner="SeleniumLibrary">
<msg time="2024-11-27T18:07:38.915366" level="INFO">Simulating Mouse Over on element 'xpath=//p[contains(text(),'Competence')]'.</msg>
<arg>${SIDEBAR_COMPETENCE_LINK}</arg>
<doc>Simulates hovering the mouse over the element ``locator``.</doc>
<status status="PASS" start="2024-11-27T18:07:38.914374" elapsed="0.532268"/>
</kw>
<kw name="Wait Until Element Is Visible" owner="SeleniumLibrary">
<arg>${SIDEBAR_CATEGORIES_SETTINGS_LINK}</arg>
<doc>Waits until the element ``locator`` is visible.</doc>
<status status="PASS" start="2024-11-27T18:07:39.447701" elapsed="0.278247"/>
</kw>
<kw name="Click Element" owner="SeleniumLibrary">
<msg time="2024-11-27T18:07:39.728058" level="INFO">Clicking element 'xpath=//p[contains(text(),'Competence')]/following::i[@class="sidebar__header-settings-sublink"]'.</msg>
<arg>${SIDEBAR_CATEGORIES_SETTINGS_LINK}</arg>
<doc>Click the element identified by ``locator``.</doc>
<status status="PASS" start="2024-11-27T18:07:39.727031" elapsed="0.383127"/>
</kw>
<kw name="Wait Until Page Contains Element" owner="SeleniumLibrary">
<arg>${CATEGORY_LIST}</arg>
<doc>Waits until the element ``locator`` appears on the current page.</doc>
<status status="PASS" start="2024-11-27T18:07:40.110158" elapsed="0.437117"/>
</kw>
<kw name="Click Element" owner="SeleniumLibrary">
<msg time="2024-11-27T18:07:40.547842" level="INFO">Clicking element 'xpath=//body/div[@id='root']/div[1]/div[1]/div[1]/div[1]/div[1]'.</msg>
<arg>${SIDEBAR_CROSS_ICON}</arg>
<doc>Click the element identified by ``locator``.</doc>
<status status="PASS" start="2024-11-27T18:07:40.547842" elapsed="0.350547"/>
</kw>
<status status="PASS" start="2024-11-27T18:07:38.094235" elapsed="2.804154"/>
</kw>
<kw name="Wait Until Element Is Visible" owner="SeleniumLibrary">
<arg>${REQUIRED_DOC_TAB}</arg>
<doc>Waits until the element ``locator`` is visible.</doc>
<status status="PASS" start="2024-11-27T18:07:40.898389" elapsed="0.227068"/>
</kw>
<kw name="Click Element" owner="SeleniumLibrary">
<msg time="2024-11-27T18:07:41.125457" level="INFO">Clicking element 'xpath=//div[contains(text(),'Required documents')]'.</msg>
<arg>${REQUIRED_DOC_TAB}</arg>
<doc>Click the element identified by ``locator``.</doc>
<status status="PASS" start="2024-11-27T18:07:41.125457" elapsed="0.337295"/>
</kw>
<kw name="Wait Until Location Is" owner="common">
<kw name="Wait Until Keyword Succeeds" owner="BuiltIn">
<kw name="Location Should Be" owner="SeleniumLibrary">
<msg time="2024-11-27T18:07:41.572908" level="INFO">Current location is 'https://stv3ca-prod.netlify.app/competence-settings?activeTab=2'.</msg>
<arg>${expected_url}</arg>
<doc>Verifies that the current URL is exactly ``url``.</doc>
<status status="PASS" start="2024-11-27T18:07:41.463805" elapsed="0.109103"/>
</kw>
<arg>${TIMEOUT}</arg>
<arg>1s</arg>
<arg>Location Should Be</arg>
<arg>${expected_url}</arg>
<doc>Runs the specified keyword and retries if it fails.</doc>
<status status="PASS" start="2024-11-27T18:07:41.462752" elapsed="0.110156"/>
</kw>
<arg>${REQUIRED_DOC_PAGE_URL}</arg>
<status status="PASS" start="2024-11-27T18:07:41.462752" elapsed="0.110156"/>
</kw>
<kw name="Sleep" owner="BuiltIn">
<msg time="2024-11-27T18:07:43.574439" level="INFO">Slept 2 seconds.</msg>
<arg>2s</arg>
<doc>Pauses the test executed for the given time.</doc>
<status status="PASS" start="2024-11-27T18:07:41.573920" elapsed="2.000519"/>
</kw>
<status status="PASS" start="2024-11-27T18:07:38.093188" elapsed="5.482284"/>
</kw>
<kw name="Click Add New Doc button" owner="requiredDocHelpers">
<kw name="Wait Until Element Is Enabled" owner="SeleniumLibrary">
<arg>${ADD_NEW_DOC_BTN}</arg>
<doc>Waits until the element ``locator`` is enabled.</doc>
<status status="PASS" start="2024-11-27T18:07:43.577525" elapsed="0.410173"/>
</kw>
<kw name="Click Element" owner="SeleniumLibrary">
<msg time="2024-11-27T18:07:43.989694" level="INFO">Clicking element 'xpath=//button[@class='add-btn']'.</msg>
<arg>${ADD_NEW_DOC_BTN}</arg>
<doc>Click the element identified by ``locator``.</doc>
<status status="PASS" start="2024-11-27T18:07:43.988703" elapsed="0.344931"/>
</kw>
<status status="PASS" start="2024-11-27T18:07:43.576525" elapsed="0.757109"/>
</kw>
<kw name="Fill out the Addition Form" owner="requiredDocHelpers">
<kw name="Wait Until Element Is Visible" owner="SeleniumLibrary">
<arg>${ADD_DOC_MODAL}</arg>
<doc>Waits until the element ``locator`` is visible.</doc>
<status status="PASS" start="2024-11-27T18:07:44.334650" elapsed="0.227335"/>
</kw>
<kw name="Wait Until Element Is Enabled" owner="SeleniumLibrary">
<arg>${DOC_TITLE_INPUT}</arg>
<doc>Waits until the element ``locator`` is enabled.</doc>
<status status="PASS" start="2024-11-27T18:07:44.562208" elapsed="0.353582"/>
</kw>
<kw name="Input Text" owner="SeleniumLibrary">
<msg time="2024-11-27T18:07:44.917889" level="INFO">Typing text 'Doc_Test_ZTRDZYSZ' into text field 'xpath=//input[@placeholder="Enter document title"]'.</msg>
<arg>${DOC_TITLE_INPUT}</arg>
<arg>${doc_name}</arg>
<doc>Types the given ``text`` into the text field identified by ``locator``.</doc>
<status status="PASS" start="2024-11-27T18:07:44.916907" elapsed="0.566900"/>
</kw>
<kw name="Choose File" owner="SeleniumLibrary">
<msg time="2024-11-27T18:07:45.485837" level="INFO">Sending C:\Users\Hp\stv3-test-auto\STV3_TEST\ressources\VARIABLES\doc-icon.png to browser.</msg>
<arg>${DOC_UPLOAD_INPUT}</arg>
<arg>${PATH_TO_DOC_ICON}</arg>
<doc>Inputs the ``file_path`` into the file input field ``locator``.</doc>
<status status="PASS" start="2024-11-27T18:07:45.484839" elapsed="0.312904"/>
</kw>
<kw name="Select Assign To Option" owner="requiredDocHelpers">
<kw name="Open Assign To Dropdown" owner="requiredDocHelpers">
<kw name="Click Element" owner="SeleniumLibrary">
<msg time="2024-11-27T18:07:45.799270" level="INFO">Clicking element 'xpath=//body/div[@id='modal']/div[1]/div[2]/div[1]/div[2]/div[1]/form[1]/div[1]/div[1]/div[2]/div[1]/div[1]/div[1]'.</msg>
<arg>${ASSIGN_TO_DROPDOWN}</arg>
<doc>Click the element identified by ``locator``.</doc>
<status status="PASS" start="2024-11-27T18:07:45.799270" elapsed="0.339786"/>
</kw>
<status status="PASS" start="2024-11-27T18:07:45.798256" elapsed="0.340800"/>
</kw>
<kw name="Set Variable" owner="BuiltIn">
<msg time="2024-11-27T18:07:46.139056" level="INFO">${option_locator} = xpath=//div[contains(text(), 'Internal')]</msg>
<var>${option_locator}</var>
<arg>xpath=//div[contains(text(), '${option_text}')]</arg>
<doc>Returns the given values which can then be assigned to a variables.</doc>
<status status="PASS" start="2024-11-27T18:07:46.139056" elapsed="0.000000"/>
</kw>
<kw name="Wait Until Element Is Visible" owner="SeleniumLibrary">
<arg>${option_locator}</arg>
<doc>Waits until the element ``locator`` is visible.</doc>
<status status="PASS" start="2024-11-27T18:07:46.140109" elapsed="0.231270"/>
</kw>
<kw name="Log" owner="BuiltIn">
<msg time="2024-11-27T18:07:46.371379" level="INFO">xpath=//div[contains(text(), 'Internal')]</msg>
<arg>${option_locator}</arg>
<doc>Logs the given message with the given level.</doc>
<status status="PASS" start="2024-11-27T18:07:46.371379" elapsed="0.000000"/>
</kw>
<kw name="Click Element" owner="SeleniumLibrary">
<msg time="2024-11-27T18:07:46.372398" level="INFO">Clicking element 'xpath=//div[contains(text(), 'Internal')]'.</msg>
<arg>${option_locator}</arg>
<doc>Click the element identified by ``locator``.</doc>
<status status="PASS" start="2024-11-27T18:07:46.371379" elapsed="0.302610"/>
</kw>
<arg>Internal</arg>
<status status="PASS" start="2024-11-27T18:07:45.798256" elapsed="0.875733"/>
</kw>
<kw name="Verify Assign To Selection" owner="requiredDocHelpers">
<kw name="Get Element Attribute" owner="SeleniumLibrary">
<msg time="2024-11-27T18:07:46.899359" level="INFO">${actual_value} = internal</msg>
<var>${actual_value}</var>
<arg>${ASSIGN_TO_HIDDEN_INPUT}</arg>
<arg>value</arg>
<doc>Returns the value of ``attribute`` from the element ``locator``.</doc>
<status status="PASS" start="2024-11-27T18:07:46.674997" elapsed="0.225399"/>
</kw>
<kw name="Should Be Equal" owner="BuiltIn">
<arg>${actual_value}</arg>
<arg>${expected_value}</arg>
<doc>Fails if the given objects are unequal.</doc>
<status status="PASS" start="2024-11-27T18:07:46.901408" elapsed="0.000986"/>
</kw>
<arg>internal</arg>
<status status="PASS" start="2024-11-27T18:07:46.673989" elapsed="0.228405"/>
</kw>
<kw name="Sleep" owner="BuiltIn">
<msg time="2024-11-27T18:07:47.902892" level="INFO">Slept 1 second.</msg>
<arg>1s</arg>
<doc>Pauses the test executed for the given time.</doc>
<status status="PASS" start="2024-11-27T18:07:46.902394" elapsed="1.000498"/>
</kw>
<arg>${created_document_name}</arg>
<status status="PASS" start="2024-11-27T18:07:44.334650" elapsed="3.568242"/>
</kw>
<kw name="Submit the Form" owner="requiredDocHelpers">
<kw name="Click Element" owner="SeleniumLibrary">
<msg time="2024-11-27T18:07:47.903943" level="INFO">Clicking element 'xpath=//button[contains(text(),'Save')]'.</msg>
<arg>${DOC_SAVE_BTN}</arg>
<doc>Click the element identified by ``locator``.</doc>
<status status="PASS" start="2024-11-27T18:07:47.903943" elapsed="0.350116"/>
</kw>
<status status="PASS" start="2024-11-27T18:07:47.902892" elapsed="0.351167"/>
</kw>
<kw name="Success Message Should Be Visible" owner="common">
<kw name="Page Should Contain" owner="SeleniumLibrary">
<msg time="2024-11-27T18:08:09.015303" level="INFO" html="true">&lt;/td&gt;&lt;/tr&gt;&lt;tr&gt;&lt;td colspan="3"&gt;&lt;a href="selenium-screenshot-6.png"&gt;&lt;img src="selenium-screenshot-6.png" width="800px"&gt;&lt;/a&gt;</msg>
<msg time="2024-11-27T18:08:09.015303" level="FAIL">Page should have contained text 'Document has been added successfully' but did not.</msg>
<arg>${expected_message}</arg>
<doc>Verifies that current page contains ``text``.</doc>
<status status="FAIL" start="2024-11-27T18:07:48.255328" elapsed="20.812939">Page should have contained text 'Document has been added successfully' but did not.</status>
</kw>
<arg>Document has been added successfully</arg>
<status status="FAIL" start="2024-11-27T18:07:48.254059" elapsed="20.815222">Page should have contained text 'Document has been added successfully' but did not.</status>
</kw>
<kw name="Set Global Variable" owner="BuiltIn">
<arg>${GLOBAL_DOC_NAME}</arg>
<arg>${created_document_name}</arg>
<doc>Makes a variable available globally in all tests and suites.</doc>
<status status="NOT RUN" start="2024-11-27T18:08:09.069422" elapsed="0.000000"/>
</kw>
<doc>Test the creation of a new document</doc>
<tag>create</tag>
<tag>DOCUMENTS</tag>
<tag>smoke</tag>
<status status="FAIL" start="2024-11-27T18:07:25.856684" elapsed="43.212738">Page should have contained text 'Document has been added successfully' but did not.</status>
</test>
<test id="s1-t2" name="Test Search Filter" line="25">
<kw name="Get Variable Value" owner="BuiltIn">
<msg time="2024-11-27T18:08:09.073473" level="INFO">${search_term} = None</msg>
<var>${search_term}</var>
<arg>${GLOBAL_DOC_NAME}</arg>
<doc>Returns variable value or ``default`` if the variable does not exist.</doc>
<status status="PASS" start="2024-11-27T18:08:09.071438" elapsed="0.002035"/>
</kw>
<kw name="Apply Search Filter" owner="requiredDocHelpers">
<kw name="Input Text" owner="SeleniumLibrary">
<msg time="2024-11-27T18:08:09.074473" level="INFO">Typing text 'None' into text field 'xpath=//input[@placeholder="Search by document name..."]'.</msg>
<arg>${SEARCH_INPUT}</arg>
<arg>${search_term}</arg>
<doc>Types the given ``text`` into the text field identified by ``locator``.</doc>
<status status="PASS" start="2024-11-27T18:08:09.074473" elapsed="0.474977"/>
</kw>
<kw name="Click Button" owner="SeleniumLibrary">
<msg time="2024-11-27T18:08:09.551115" level="INFO">Clicking button 'xpath=//Button[contains(text(), 'Apply filter')]'.</msg>
<arg>${APPLY_FILTER_BUTTON}</arg>
<doc>Clicks the button identified by ``locator``.</doc>
<status status="PASS" start="2024-11-27T18:08:09.550017" elapsed="0.736452"/>
</kw>
<arg>${search_term}</arg>
<status status="PASS" start="2024-11-27T18:08:09.074473" elapsed="1.211996"/>
</kw>
<kw name="Verify Filter Results" owner="common">
<kw name="Wait Until Page Contains" owner="SeleniumLibrary">
<msg time="2024-11-27T18:08:20.897037" level="INFO" html="true">&lt;/td&gt;&lt;/tr&gt;&lt;tr&gt;&lt;td colspan="3"&gt;&lt;a href="selenium-screenshot-7.png"&gt;&lt;img src="selenium-screenshot-7.png" width="800px"&gt;&lt;/a&gt;</msg>
<msg time="2024-11-27T18:08:20.898036" level="FAIL">Text 'None' did not appear in 10 seconds.</msg>
<arg>${expected_result}</arg>
<arg>timeout=10s</arg>
<doc>Waits until ``text`` appears on the current page.</doc>
<status status="FAIL" start="2024-11-27T18:08:10.287519" elapsed="10.631202">Text 'None' did not appear in 10 seconds.</status>
</kw>
<kw name="Run Keyword If" owner="BuiltIn">
<arg>'${unwanted_result}' != '${EMPTY}'</arg>
<arg>Page Should Not Contain</arg>
<arg>${unwanted_result}</arg>
<arg>message=Page should not contain '${unwanted_result}'</arg>
<doc>Runs the given keyword with the given arguments, if ``condition`` is true.</doc>
<status status="NOT RUN" start="2024-11-27T18:08:20.919674" elapsed="0.000000"/>
</kw>
<arg>${search_term}</arg>
<status status="FAIL" start="2024-11-27T18:08:10.286469" elapsed="10.633205">Text 'None' did not appear in 10 seconds.</status>
</kw>
<kw name="Reset Filters" owner="requiredDocHelpers">
<status status="NOT RUN" start="2024-11-27T18:08:20.919674" elapsed="0.000000"/>
</kw>
<status status="FAIL" start="2024-11-27T18:08:09.071438" elapsed="11.848236">Text 'None' did not appear in 10 seconds.</status>
</test>
<test id="s1-t3" name="Test Document Type Filter" line="31">
<kw name="Select Document Type" owner="requiredDocHelpers">
<kw name="Click Element" owner="SeleniumLibrary">
<msg time="2024-11-27T18:08:20.922168" level="INFO">Clicking element 'xpath=//body/div[@id='root']/div[1]/div[2]/div[2]/div[1]/div[2]/div[1]/form[1]/div[1]/div[1]/div[2]/div[1]/div[1]/div[1]'.</msg>
<arg>xpath=//body/div[@id='root']/div[1]/div[2]/div[2]/div[1]/div[2]/div[1]/form[1]/div[1]/div[1]/div[2]/div[1]/div[1]/div[1]</arg>
<doc>Click the element identified by ``locator``.</doc>
<status status="PASS" start="2024-11-27T18:08:20.922168" elapsed="0.301821"/>
</kw>
<kw name="Set Variable" owner="BuiltIn">
<msg time="2024-11-27T18:08:21.223989" level="INFO">${option_locator} = xpath=//div[contains(text(), 'Internal') and not(contains(text(), 'Foreign'))]</msg>
<var>${option_locator}</var>
<arg>xpath=//div[contains(text(), '${doc_type}') and not(contains(text(), 'Foreign'))]</arg>
<doc>Returns the given values which can then be assigned to a variables.</doc>
<status status="PASS" start="2024-11-27T18:08:21.223989" elapsed="0.000000"/>
</kw>
<kw name="Wait Until Element Is Visible" owner="SeleniumLibrary">
<arg>${option_locator}</arg>
<arg>timeout=10s</arg>
<doc>Waits until the element ``locator`` is visible.</doc>
<status status="PASS" start="2024-11-27T18:08:21.223989" elapsed="0.249707"/>
</kw>
<kw name="Log" owner="BuiltIn">
<msg time="2024-11-27T18:08:21.473696" level="INFO">xpath=//div[contains(text(), 'Internal') and not(contains(text(), 'Foreign'))]</msg>
<arg>${option_locator}</arg>
<doc>Logs the given message with the given level.</doc>
<status status="PASS" start="2024-11-27T18:08:21.473696" elapsed="0.000000"/>
</kw>
<kw name="Click Element" owner="SeleniumLibrary">
<msg time="2024-11-27T18:08:21.474812" level="INFO">Clicking element 'xpath=//div[contains(text(), 'Internal') and not(contains(text(), 'Foreign'))]'.</msg>
<arg>${option_locator}</arg>
<doc>Click the element identified by ``locator``.</doc>
<status status="PASS" start="2024-11-27T18:08:21.473696" elapsed="0.298937"/>
</kw>
<kw name="Click Button" owner="SeleniumLibrary">
<msg time="2024-11-27T18:08:21.772633" level="INFO">Clicking button 'xpath=//Button[contains(text(), 'Apply filter')]'.</msg>
<arg>${APPLY_FILTER_BUTTON}</arg>
<doc>Clicks the button identified by ``locator``.</doc>
<status status="PASS" start="2024-11-27T18:08:21.772633" elapsed="0.678016"/>
</kw>
<arg>Internal</arg>
<status status="PASS" start="2024-11-27T18:08:20.922168" elapsed="1.528481"/>
</kw>
<kw name="Verify Filter Results" owner="common">
<kw name="Wait Until Page Contains" owner="SeleniumLibrary">
<arg>${expected_result}</arg>
<arg>timeout=10s</arg>
<doc>Waits until ``text`` appears on the current page.</doc>
<status status="PASS" start="2024-11-27T18:08:22.450649" elapsed="0.118255"/>
</kw>
<kw name="Run Keyword If" owner="BuiltIn">
<kw name="Page Should Not Contain" owner="SeleniumLibrary">
<msg time="2024-11-27T18:08:42.946592" level="INFO">Current page does not contain text 'External'.</msg>
<arg>${unwanted_result}</arg>
<arg>message=Page should not contain '${unwanted_result}'</arg>
<doc>Verifies the current page does not contain ``text``.</doc>
<status status="PASS" start="2024-11-27T18:08:22.570956" elapsed="20.375636"/>
</kw>
<arg>'${unwanted_result}' != '${EMPTY}'</arg>
<arg>Page Should Not Contain</arg>
<arg>${unwanted_result}</arg>
<arg>message=Page should not contain '${unwanted_result}'</arg>
<doc>Runs the given keyword with the given arguments, if ``condition`` is true.</doc>
<status status="PASS" start="2024-11-27T18:08:22.568904" elapsed="20.378789"/>
</kw>
<arg>Internal</arg>
<arg>External</arg>
<status status="PASS" start="2024-11-27T18:08:22.450649" elapsed="20.497044"/>
</kw>
<kw name="Reset Filters" owner="requiredDocHelpers">
<kw name="Click Button" owner="SeleniumLibrary">
<msg time="2024-11-27T18:08:42.951728" level="INFO">Clicking button 'xpath=//body/div[@id='root']/div[1]/div[2]/div[2]/div[1]/div[2]/div[1]/form[1]/div[1]/div[1]/div[4]/button[1]'.</msg>
<arg>${RESET_FILTER_BUTTON}</arg>
<doc>Clicks the button identified by ``locator``.</doc>
<status status="PASS" start="2024-11-27T18:08:42.950735" elapsed="0.783109"/>
</kw>
<status status="PASS" start="2024-11-27T18:08:42.949734" elapsed="0.784110"/>
</kw>
<kw name="Select Document Type" owner="requiredDocHelpers">
<kw name="Click Element" owner="SeleniumLibrary">
<msg time="2024-11-27T18:08:43.734299" level="INFO">Clicking element 'xpath=//body/div[@id='root']/div[1]/div[2]/div[2]/div[1]/div[2]/div[1]/form[1]/div[1]/div[1]/div[2]/div[1]/div[1]/div[1]'.</msg>
<arg>xpath=//body/div[@id='root']/div[1]/div[2]/div[2]/div[1]/div[2]/div[1]/form[1]/div[1]/div[1]/div[2]/div[1]/div[1]/div[1]</arg>
<doc>Click the element identified by ``locator``.</doc>
<status status="PASS" start="2024-11-27T18:08:43.734299" elapsed="0.320726"/>
</kw>
<kw name="Set Variable" owner="BuiltIn">
<msg time="2024-11-27T18:08:44.055025" level="INFO">${option_locator} = xpath=//div[contains(text(), 'External') and not(contains(text(), 'Foreign'))]</msg>
<var>${option_locator}</var>
<arg>xpath=//div[contains(text(), '${doc_type}') and not(contains(text(), 'Foreign'))]</arg>
<doc>Returns the given values which can then be assigned to a variables.</doc>
<status status="PASS" start="2024-11-27T18:08:44.055025" elapsed="0.000000"/>
</kw>
<kw name="Wait Until Element Is Visible" owner="SeleniumLibrary">
<arg>${option_locator}</arg>
<arg>timeout=10s</arg>
<doc>Waits until the element ``locator`` is visible.</doc>
<status status="PASS" start="2024-11-27T18:08:44.055025" elapsed="0.248765"/>
</kw>
<kw name="Log" owner="BuiltIn">
<msg time="2024-11-27T18:08:44.304847" level="INFO">xpath=//div[contains(text(), 'External') and not(contains(text(), 'Foreign'))]</msg>
<arg>${option_locator}</arg>
<doc>Logs the given message with the given level.</doc>
<status status="PASS" start="2024-11-27T18:08:44.304847" elapsed="0.000993"/>
</kw>
<kw name="Click Element" owner="SeleniumLibrary">
<msg time="2024-11-27T18:08:44.306841" level="INFO">Clicking element 'xpath=//div[contains(text(), 'External') and not(contains(text(), 'Foreign'))]'.</msg>
<arg>${option_locator}</arg>
<doc>Click the element identified by ``locator``.</doc>
<status status="PASS" start="2024-11-27T18:08:44.305840" elapsed="0.346920"/>
</kw>
<kw name="Click Button" owner="SeleniumLibrary">
<msg time="2024-11-27T18:08:44.652760" level="INFO">Clicking button 'xpath=//Button[contains(text(), 'Apply filter')]'.</msg>
<arg>${APPLY_FILTER_BUTTON}</arg>
<doc>Clicks the button identified by ``locator``.</doc>
<status status="PASS" start="2024-11-27T18:08:44.652760" elapsed="0.728753"/>
</kw>
<arg>External</arg>
<status status="PASS" start="2024-11-27T18:08:43.734299" elapsed="1.647214"/>
</kw>
<kw name="Verify Filter Results" owner="common">
<kw name="Wait Until Page Contains" owner="SeleniumLibrary">
<arg>${expected_result}</arg>
<arg>timeout=10s</arg>
<doc>Waits until ``text`` appears on the current page.</doc>
<status status="PASS" start="2024-11-27T18:08:45.382035" elapsed="0.114612"/>
</kw>
<kw name="Run Keyword If" owner="BuiltIn">
<kw name="Page Should Not Contain" owner="SeleniumLibrary">
<msg time="2024-11-27T18:09:05.889291" level="INFO">Current page does not contain text 'Internal'.</msg>
<arg>${unwanted_result}</arg>
<arg>message=Page should not contain '${unwanted_result}'</arg>
<doc>Verifies the current page does not contain ``text``.</doc>
<status status="PASS" start="2024-11-27T18:08:45.497745" elapsed="20.391546"/>
</kw>
<arg>'${unwanted_result}' != '${EMPTY}'</arg>
<arg>Page Should Not Contain</arg>
<arg>${unwanted_result}</arg>
<arg>message=Page should not contain '${unwanted_result}'</arg>
<doc>Runs the given keyword with the given arguments, if ``condition`` is true.</doc>
<status status="PASS" start="2024-11-27T18:08:45.497156" elapsed="20.393234"/>
</kw>
<arg>External</arg>
<arg>Internal</arg>
<status status="PASS" start="2024-11-27T18:08:45.382035" elapsed="20.508355"/>
</kw>
<kw name="Reset Filters" owner="requiredDocHelpers">
<kw name="Click Button" owner="SeleniumLibrary">
<msg time="2024-11-27T18:09:05.893457" level="INFO">Clicking button 'xpath=//body/div[@id='root']/div[1]/div[2]/div[2]/div[1]/div[2]/div[1]/form[1]/div[1]/div[1]/div[4]/button[1]'.</msg>
<arg>${RESET_FILTER_BUTTON}</arg>
<doc>Clicks the button identified by ``locator``.</doc>
<status status="PASS" start="2024-11-27T18:09:05.892461" elapsed="0.756862"/>
</kw>
<status status="PASS" start="2024-11-27T18:09:05.891410" elapsed="0.758159"/>
</kw>
<status status="PASS" start="2024-11-27T18:08:20.921152" elapsed="45.728417"/>
</test>
<test id="s1-t4" name="Test Combined Filters" line="41">
<kw name="Get Variable Value" owner="BuiltIn">
<msg time="2024-11-27T18:09:06.654636" level="INFO">${search_term} = None</msg>
<var>${search_term}</var>
<arg>${GLOBAL_DOC_NAME}</arg>
<doc>Returns variable value or ``default`` if the variable does not exist.</doc>
<status status="PASS" start="2024-11-27T18:09:06.651601" elapsed="0.003035"/>
</kw>
<kw name="Apply Search Filter" owner="requiredDocHelpers">
<kw name="Input Text" owner="SeleniumLibrary">
<msg time="2024-11-27T18:09:06.654636" level="INFO">Typing text 'None' into text field 'xpath=//input[@placeholder="Search by document name..."]'.</msg>
<arg>${SEARCH_INPUT}</arg>
<arg>${search_term}</arg>
<doc>Types the given ``text`` into the text field identified by ``locator``.</doc>
<status status="PASS" start="2024-11-27T18:09:06.654636" elapsed="0.463566"/>
</kw>
<kw name="Click Button" owner="SeleniumLibrary">
<msg time="2024-11-27T18:09:07.118202" level="INFO">Clicking button 'xpath=//Button[contains(text(), 'Apply filter')]'.</msg>
<arg>${APPLY_FILTER_BUTTON}</arg>
<doc>Clicks the button identified by ``locator``.</doc>
<status status="PASS" start="2024-11-27T18:09:07.118202" elapsed="0.679737"/>
</kw>
<arg>${search_term}</arg>
<status status="PASS" start="2024-11-27T18:09:06.654636" elapsed="1.143303"/>
</kw>
<kw name="Select Document Type" owner="requiredDocHelpers">
<kw name="Click Element" owner="SeleniumLibrary">
<msg time="2024-11-27T18:09:07.798343" level="INFO">Clicking element 'xpath=//body/div[@id='root']/div[1]/div[2]/div[2]/div[1]/div[2]/div[1]/form[1]/div[1]/div[1]/div[2]/div[1]/div[1]/div[1]'.</msg>
<arg>xpath=//body/div[@id='root']/div[1]/div[2]/div[2]/div[1]/div[2]/div[1]/form[1]/div[1]/div[1]/div[2]/div[1]/div[1]/div[1]</arg>
<doc>Click the element identified by ``locator``.</doc>
<status status="PASS" start="2024-11-27T18:09:07.798343" elapsed="0.289588"/>
</kw>
<kw name="Set Variable" owner="BuiltIn">
<msg time="2024-11-27T18:09:08.088443" level="INFO">${option_locator} = xpath=//div[contains(text(), 'Internal') and not(contains(text(), 'Foreign'))]</msg>
<var>${option_locator}</var>
<arg>xpath=//div[contains(text(), '${doc_type}') and not(contains(text(), 'Foreign'))]</arg>
<doc>Returns the given values which can then be assigned to a variables.</doc>
<status status="PASS" start="2024-11-27T18:09:08.088443" elapsed="0.000000"/>
</kw>
<kw name="Wait Until Element Is Visible" owner="SeleniumLibrary">
<arg>${option_locator}</arg>
<arg>timeout=10s</arg>
<doc>Waits until the element ``locator`` is visible.</doc>
<status status="PASS" start="2024-11-27T18:09:08.088443" elapsed="0.224409"/>
</kw>
<kw name="Log" owner="BuiltIn">
<msg time="2024-11-27T18:09:08.313905" level="INFO">xpath=//div[contains(text(), 'Internal') and not(contains(text(), 'Foreign'))]</msg>
<arg>${option_locator}</arg>
<doc>Logs the given message with the given level.</doc>
<status status="PASS" start="2024-11-27T18:09:08.312852" elapsed="0.001053"/>
</kw>
<kw name="Click Element" owner="SeleniumLibrary">
<msg time="2024-11-27T18:09:08.315899" level="INFO">Clicking element 'xpath=//div[contains(text(), 'Internal') and not(contains(text(), 'Foreign'))]'.</msg>
<arg>${option_locator}</arg>
<doc>Click the element identified by ``locator``.</doc>
<status status="PASS" start="2024-11-27T18:09:08.314899" elapsed="0.365988"/>
</kw>
<kw name="Click Button" owner="SeleniumLibrary">
<msg time="2024-11-27T18:09:08.681452" level="INFO">Clicking button 'xpath=//Button[contains(text(), 'Apply filter')]'.</msg>
<arg>${APPLY_FILTER_BUTTON}</arg>
<doc>Clicks the button identified by ``locator``.</doc>
<status status="PASS" start="2024-11-27T18:09:08.681452" elapsed="0.709082"/>
</kw>
<arg>Internal</arg>
<status status="PASS" start="2024-11-27T18:09:07.798343" elapsed="1.592191"/>
</kw>
<kw name="Verify Filter Results" owner="common">
<kw name="Wait Until Page Contains" owner="SeleniumLibrary">
<msg time="2024-11-27T18:09:19.943042" level="INFO" html="true">&lt;/td&gt;&lt;/tr&gt;&lt;tr&gt;&lt;td colspan="3"&gt;&lt;a href="selenium-screenshot-8.png"&gt;&lt;img src="selenium-screenshot-8.png" width="800px"&gt;&lt;/a&gt;</msg>
<msg time="2024-11-27T18:09:19.943042" level="FAIL">Text 'None' did not appear in 10 seconds.</msg>
<arg>${expected_result}</arg>
<arg>timeout=10s</arg>
<doc>Waits until ``text`` appears on the current page.</doc>
<status status="FAIL" start="2024-11-27T18:09:09.391394" elapsed="10.552649">Text 'None' did not appear in 10 seconds.</status>
</kw>
<kw name="Run Keyword If" owner="BuiltIn">
<arg>'${unwanted_result}' != '${EMPTY}'</arg>
<arg>Page Should Not Contain</arg>
<arg>${unwanted_result}</arg>
<arg>message=Page should not contain '${unwanted_result}'</arg>
<doc>Runs the given keyword with the given arguments, if ``condition`` is true.</doc>
<status status="NOT RUN" start="2024-11-27T18:09:19.944043" elapsed="0.000998"/>
</kw>
<arg>${search_term}</arg>
<status status="FAIL" start="2024-11-27T18:09:09.390534" elapsed="10.554507">Text 'None' did not appear in 10 seconds.</status>
</kw>
<kw name="Verify Filter Results" owner="common">
<arg>Internal</arg>
<status status="NOT RUN" start="2024-11-27T18:09:19.945041" elapsed="0.000000"/>
</kw>
<kw name="Reset Filters" owner="requiredDocHelpers">
<status status="NOT RUN" start="2024-11-27T18:09:19.946044" elapsed="0.000000"/>
</kw>
<status status="FAIL" start="2024-11-27T18:09:06.651601" elapsed="13.294443">Text 'None' did not appear in 10 seconds.</status>
</test>
<test id="s1-t5" name="Delete Document" line="49">
<kw name="Get Variable Value" owner="BuiltIn">
<msg time="2024-11-27T18:09:19.950200" level="INFO">${doc_name} = None</msg>
<var>${doc_name}</var>
<arg>${GLOBAL_DOC_NAME}</arg>
<doc>Returns variable value or ``default`` if the variable does not exist.</doc>
<status status="PASS" start="2024-11-27T18:09:19.948206" elapsed="0.001994"/>
</kw>
<kw name="Apply Search Filter" owner="requiredDocHelpers">
<kw name="Input Text" owner="SeleniumLibrary">
<msg time="2024-11-27T18:09:19.951200" level="INFO">Typing text 'None' into text field 'xpath=//input[@placeholder="Search by document name..."]'.</msg>
<arg>${SEARCH_INPUT}</arg>
<arg>${search_term}</arg>
<doc>Types the given ``text`` into the text field identified by ``locator``.</doc>
<status status="PASS" start="2024-11-27T18:09:19.951200" elapsed="0.436320"/>
</kw>
<kw name="Click Button" owner="SeleniumLibrary">
<msg time="2024-11-27T18:09:20.388529" level="INFO">Clicking button 'xpath=//Button[contains(text(), 'Apply filter')]'.</msg>
<arg>${APPLY_FILTER_BUTTON}</arg>
<doc>Clicks the button identified by ``locator``.</doc>
<status status="PASS" start="2024-11-27T18:09:20.387520" elapsed="0.624102"/>
</kw>
<arg>${doc_name}</arg>
<status status="PASS" start="2024-11-27T18:09:19.951200" elapsed="1.060935"/>
</kw>
<kw name="Wait Until Page Contains" owner="SeleniumLibrary">
<msg time="2024-11-27T18:09:31.569290" level="INFO" html="true">&lt;/td&gt;&lt;/tr&gt;&lt;tr&gt;&lt;td colspan="3"&gt;&lt;a href="selenium-screenshot-9.png"&gt;&lt;img src="selenium-screenshot-9.png" width="800px"&gt;&lt;/a&gt;</msg>
<msg time="2024-11-27T18:09:31.570291" level="FAIL">Text 'None' did not appear in 5 seconds.</msg>
<arg>${doc_name}</arg>
<doc>Waits until ``text`` appears on the current page.</doc>
<status status="FAIL" start="2024-11-27T18:09:21.013150" elapsed="10.560196">Text 'None' did not appear in 5 seconds.</status>
</kw>
<kw name="Select Document By Name" owner="requiredDocHelpers">
<arg>${doc_name}</arg>
<status status="NOT RUN" start="2024-11-27T18:09:31.574290" elapsed="0.000000"/>
</kw>
<kw name="Verify Delete Button Appears" owner="requiredDocHelpers">
<status status="NOT RUN" start="2024-11-27T18:09:31.576287" elapsed="0.000000"/>
</kw>
<kw name="Click Delete Button" owner="requiredDocHelpers">
<status status="NOT RUN" start="2024-11-27T18:09:31.577293" elapsed="0.000000"/>
</kw>
<kw name="Verify Confirmation Dialog" owner="requiredDocHelpers">
<arg>${doc_name}</arg>
<status status="NOT RUN" start="2024-11-27T18:09:31.578293" elapsed="0.001075"/>
</kw>
<kw name="Confirm Deletion" owner="requiredDocHelpers">
<status status="NOT RUN" start="2024-11-27T18:09:31.580372" elapsed="0.000000"/>
</kw>
<kw name="Delete Document After Confirmation" owner="requiredDocHelpers">
<status status="NOT RUN" start="2024-11-27T18:09:31.581373" elapsed="0.000000"/>
</kw>
<kw name="Success Message Should Be Visible" owner="common">
<arg>The Document has been deleted successfully</arg>
<status status="NOT RUN" start="2024-11-27T18:09:31.583317" elapsed="0.000000"/>
</kw>
<kw name="Verify Document Deleted" owner="requiredDocHelpers">
<arg>${doc_name}</arg>
<status status="NOT RUN" start="2024-11-27T18:09:31.584354" elapsed="0.000000"/>
</kw>
<status status="FAIL" start="2024-11-27T18:09:19.947176" elapsed="11.638388">Text 'None' did not appear in 5 seconds.</status>
</test>
<kw name="Close All Browsers" owner="SeleniumLibrary" type="TEARDOWN">
<doc>Closes all open browsers and resets the browser cache.</doc>
<status status="PASS" start="2024-11-27T18:09:31.589294" elapsed="2.355765"/>
</kw>
<doc>Test suite for required documents creation and filters check</doc>
<status status="FAIL" start="2024-11-27T18:07:18.885627" elapsed="135.059432"/>
</suite>
<statistics>
<total>
<stat pass="1" fail="4" skip="0">All Tests</stat>
</total>
<tag>
<stat pass="0" fail="1" skip="0">create</stat>
<stat pass="0" fail="1" skip="0">DOCUMENTS</stat>
<stat pass="0" fail="1" skip="0">smoke</stat>
</tag>
<suite>
<stat pass="1" fail="4" skip="0" id="s1" name="Required Documents Suite">Required Documents Suite</stat>
</suite>
</statistics>
<errors>
</errors>
</robot>
